{"C:\\Users\\ggarc\\sistema-inventario\\backend\\src\\app.js": {"path":"C:\\Users\\ggarc\\sistema-inventario\\backend\\src\\app.js","statementMap":{"0":{"start":{"line":13,"column":0},"end":{"line":13,"column":16}},"1":{"start":{"line":15,"column":12},"end":{"line":15,"column":21}},"2":{"start":{"line":16,"column":0},"end":{"line":16,"column":18}},"3":{"start":{"line":17,"column":0},"end":{"line":17,"column":16}},"4":{"start":{"line":18,"column":0},"end":{"line":18,"column":24}},"5":{"start":{"line":19,"column":0},"end":{"line":19,"column":23}},"6":{"start":{"line":22,"column":0},"end":{"line":22,"column":29}},"7":{"start":{"line":23,"column":0},"end":{"line":23,"column":37}},"8":{"start":{"line":24,"column":0},"end":{"line":24,"column":39}},"9":{"start":{"line":27,"column":0},"end":{"line":30,"column":3}},"10":{"start":{"line":28,"column":2},"end":{"line":28,"column":21}},"11":{"start":{"line":29,"column":2},"end":{"line":29,"column":50}}},"fnMap":{"0":{"name":"(anonymous_0)","decl":{"start":{"line":27,"column":8},"end":{"line":27,"column":9}},"loc":{"start":{"line":27,"column":33},"end":{"line":30,"column":1}},"line":27}},"branchMap":{},"s":{"0":6,"1":6,"2":6,"3":6,"4":6,"5":6,"6":6,"7":6,"8":6,"9":6,"10":0,"11":0},"f":{"0":0},"b":{},"inputSourceMap":null,"_coverageSchema":"1a1c01bbd47fc00a2c39e90264f33305004495a9","hash":"ad664bd1e990244d0aa9be69af3437f9b8bc6bb8"}
,"C:\\Users\\ggarc\\sistema-inventario\\backend\\src\\config\\db.js": {"path":"C:\\Users\\ggarc\\sistema-inventario\\backend\\src\\config\\db.js","statementMap":{"0":{"start":{"line":5,"column":0},"end":{"line":9,"column":1}},"1":{"start":{"line":6,"column":2},"end":{"line":6,"column":39}},"2":{"start":{"line":8,"column":2},"end":{"line":8,"column":18}},"3":{"start":{"line":11,"column":17},"end":{"line":11,"column":19}},"4":{"start":{"line":13,"column":13},"end":{"line":19,"column":2}}},"fnMap":{},"branchMap":{"0":{"loc":{"start":{"line":5,"column":0},"end":{"line":9,"column":1}},"type":"if","locations":[{"start":{"line":5,"column":0},"end":{"line":9,"column":1}},{"start":{"line":7,"column":7},"end":{"line":9,"column":1}}],"line":5}},"s":{"0":6,"1":6,"2":0,"3":6,"4":6},"f":{},"b":{"0":[6,0]},"inputSourceMap":null,"_coverageSchema":"1a1c01bbd47fc00a2c39e90264f33305004495a9","hash":"f2c6f71dee801dcbf92153f0846903be10a39555"}
,"C:\\Users\\ggarc\\sistema-inventario\\backend\\src\\config\\tests\\test-utils.js": {"path":"C:\\Users\\ggarc\\sistema-inventario\\backend\\src\\config\\tests\\test-utils.js","statementMap":{"0":{"start":{"line":11,"column":2},"end":{"line":11,"column":28}},"1":{"start":{"line":12,"column":2},"end":{"line":20,"column":3}},"2":{"start":{"line":13,"column":4},"end":{"line":13,"column":85}},"3":{"start":{"line":14,"column":4},"end":{"line":14,"column":74}},"4":{"start":{"line":15,"column":4},"end":{"line":15,"column":71}},"5":{"start":{"line":16,"column":4},"end":{"line":16,"column":31}},"6":{"start":{"line":18,"column":4},"end":{"line":18,"column":33}},"7":{"start":{"line":19,"column":4},"end":{"line":19,"column":14}},"8":{"start":{"line":28,"column":24},"end":{"line":28,"column":64}},"9":{"start":{"line":29,"column":22},"end":{"line":29,"column":55}},"10":{"start":{"line":32,"column":13},"end":{"line":35,"column":3}},"11":{"start":{"line":37,"column":13},"end":{"line":40,"column":3}},"12":{"start":{"line":43,"column":12},"end":{"line":46,"column":3}},"13":{"start":{"line":48,"column":2},"end":{"line":51,"column":4}}},"fnMap":{"0":{"name":"resetDB","decl":{"start":{"line":9,"column":22},"end":{"line":9,"column":29}},"loc":{"start":{"line":9,"column":32},"end":{"line":21,"column":1}},"line":9},"1":{"name":"seedBasicData","decl":{"start":{"line":27,"column":22},"end":{"line":27,"column":35}},"loc":{"start":{"line":27,"column":38},"end":{"line":52,"column":1}},"line":27}},"branchMap":{},"s":{"0":9,"1":9,"2":9,"3":9,"4":9,"5":9,"6":0,"7":0,"8":9,"9":9,"10":9,"11":9,"12":9,"13":9},"f":{"0":9,"1":9},"b":{},"inputSourceMap":null,"_coverageSchema":"1a1c01bbd47fc00a2c39e90264f33305004495a9","hash":"1ea460927661694d08367895ba61cdde74c81258"}
,"C:\\Users\\ggarc\\sistema-inventario\\backend\\src\\controllers\\inventoryController.js": {"path":"C:\\Users\\ggarc\\sistema-inventario\\backend\\src\\controllers\\inventoryController.js","statementMap":{"0":{"start":{"line":9,"column":2},"end":{"line":96,"column":3}},"1":{"start":{"line":12,"column":6},"end":{"line":12,"column":70}},"2":{"start":{"line":13,"column":4},"end":{"line":13,"column":57}},"3":{"start":{"line":15,"column":4},"end":{"line":18,"column":5}},"4":{"start":{"line":16,"column":6},"end":{"line":16,"column":76}},"5":{"start":{"line":17,"column":6},"end":{"line":17,"column":80}},"6":{"start":{"line":20,"column":25},"end":{"line":20,"column":62}},"7":{"start":{"line":21,"column":4},"end":{"line":23,"column":5}},"8":{"start":{"line":22,"column":6},"end":{"line":22,"column":83}},"9":{"start":{"line":25,"column":42},"end":{"line":25,"column":50}},"10":{"start":{"line":26,"column":4},"end":{"line":28,"column":5}},"11":{"start":{"line":27,"column":6},"end":{"line":27,"column":80}},"12":{"start":{"line":31,"column":19},"end":{"line":31,"column":39}},"13":{"start":{"line":32,"column":4},"end":{"line":92,"column":5}},"14":{"start":{"line":33,"column":6},"end":{"line":33,"column":34}},"15":{"start":{"line":36,"column":23},"end":{"line":39,"column":7}},"16":{"start":{"line":40,"column":6},"end":{"line":43,"column":7}},"17":{"start":{"line":41,"column":8},"end":{"line":41,"column":39}},"18":{"start":{"line":42,"column":8},"end":{"line":42,"column":73}},"19":{"start":{"line":45,"column":25},"end":{"line":45,"column":49}},"20":{"start":{"line":47,"column":6},"end":{"line":85,"column":7}},"21":{"start":{"line":48,"column":8},"end":{"line":51,"column":9}},"22":{"start":{"line":49,"column":10},"end":{"line":49,"column":41}},"23":{"start":{"line":50,"column":10},"end":{"line":50,"column":71}},"24":{"start":{"line":52,"column":23},"end":{"line":52,"column":44}},"25":{"start":{"line":53,"column":8},"end":{"line":56,"column":11}},"26":{"start":{"line":59,"column":8},"end":{"line":62,"column":10}},"27":{"start":{"line":64,"column":8},"end":{"line":64,"column":37}},"28":{"start":{"line":67,"column":8},"end":{"line":67,"column":97}},"29":{"start":{"line":70,"column":23},"end":{"line":70,"column":44}},"30":{"start":{"line":71,"column":8},"end":{"line":74,"column":11}},"31":{"start":{"line":76,"column":8},"end":{"line":79,"column":10}},"32":{"start":{"line":81,"column":8},"end":{"line":81,"column":37}},"33":{"start":{"line":84,"column":8},"end":{"line":84,"column":97}},"34":{"start":{"line":87,"column":6},"end":{"line":87,"column":37}},"35":{"start":{"line":88,"column":6},"end":{"line":88,"column":61}},"36":{"start":{"line":89,"column":6},"end":{"line":89,"column":72}},"37":{"start":{"line":91,"column":6},"end":{"line":91,"column":23}},"38":{"start":{"line":94,"column":4},"end":{"line":94,"column":55}},"39":{"start":{"line":95,"column":4},"end":{"line":95,"column":60}},"40":{"start":{"line":101,"column":2},"end":{"line":109,"column":3}},"41":{"start":{"line":102,"column":21},"end":{"line":104,"column":5}},"42":{"start":{"line":105,"column":4},"end":{"line":105,"column":19}},"43":{"start":{"line":107,"column":4},"end":{"line":107,"column":46}},"44":{"start":{"line":108,"column":4},"end":{"line":108,"column":68}}},"fnMap":{"0":{"name":"adjustStock","decl":{"start":{"line":8,"column":22},"end":{"line":8,"column":33}},"loc":{"start":{"line":8,"column":44},"end":{"line":97,"column":1}},"line":8},"1":{"name":"getMovements","decl":{"start":{"line":100,"column":22},"end":{"line":100,"column":34}},"loc":{"start":{"line":100,"column":45},"end":{"line":110,"column":1}},"line":100}},"branchMap":{"0":{"loc":{"start":{"line":12,"column":6},"end":{"line":12,"column":70}},"type":"binary-expr","locations":[{"start":{"line":12,"column":6},"end":{"line":12,"column":27}},{"start":{"line":12,"column":31},"end":{"line":12,"column":44}},{"start":{"line":12,"column":48},"end":{"line":12,"column":70}}],"line":12},"1":{"loc":{"start":{"line":15,"column":4},"end":{"line":18,"column":5}},"type":"if","locations":[{"start":{"line":15,"column":4},"end":{"line":18,"column":5}},{"start":{},"end":{}}],"line":15},"2":{"loc":{"start":{"line":21,"column":4},"end":{"line":23,"column":5}},"type":"if","locations":[{"start":{"line":21,"column":4},"end":{"line":23,"column":5}},{"start":{},"end":{}}],"line":21},"3":{"loc":{"start":{"line":21,"column":8},"end":{"line":21,"column":55}},"type":"binary-expr","locations":[{"start":{"line":21,"column":8},"end":{"line":21,"column":29}},{"start":{"line":21,"column":33},"end":{"line":21,"column":55}}],"line":21},"4":{"loc":{"start":{"line":26,"column":4},"end":{"line":28,"column":5}},"type":"if","locations":[{"start":{"line":26,"column":4},"end":{"line":28,"column":5}},{"start":{},"end":{}}],"line":26},"5":{"loc":{"start":{"line":26,"column":8},"end":{"line":26,"column":50}},"type":"binary-expr","locations":[{"start":{"line":26,"column":8},"end":{"line":26,"column":18}},{"start":{"line":26,"column":22},"end":{"line":26,"column":50}}],"line":26},"6":{"loc":{"start":{"line":40,"column":6},"end":{"line":43,"column":7}},"type":"if","locations":[{"start":{"line":40,"column":6},"end":{"line":43,"column":7}},{"start":{},"end":{}}],"line":40},"7":{"loc":{"start":{"line":47,"column":6},"end":{"line":85,"column":7}},"type":"if","locations":[{"start":{"line":47,"column":6},"end":{"line":85,"column":7}},{"start":{"line":68,"column":13},"end":{"line":85,"column":7}}],"line":47},"8":{"loc":{"start":{"line":48,"column":8},"end":{"line":51,"column":9}},"type":"if","locations":[{"start":{"line":48,"column":8},"end":{"line":51,"column":9}},{"start":{},"end":{}}],"line":48},"9":{"loc":{"start":{"line":61,"column":22},"end":{"line":61,"column":42}},"type":"binary-expr","locations":[{"start":{"line":61,"column":22},"end":{"line":61,"column":34}},{"start":{"line":61,"column":38},"end":{"line":61,"column":42}}],"line":61},"10":{"loc":{"start":{"line":61,"column":61},"end":{"line":61,"column":73}},"type":"binary-expr","locations":[{"start":{"line":61,"column":61},"end":{"line":61,"column":65}},{"start":{"line":61,"column":69},"end":{"line":61,"column":73}}],"line":61},"11":{"loc":{"start":{"line":78,"column":22},"end":{"line":78,"column":42}},"type":"binary-expr","locations":[{"start":{"line":78,"column":22},"end":{"line":78,"column":34}},{"start":{"line":78,"column":38},"end":{"line":78,"column":42}}],"line":78},"12":{"loc":{"start":{"line":78,"column":60},"end":{"line":78,"column":72}},"type":"binary-expr","locations":[{"start":{"line":78,"column":60},"end":{"line":78,"column":64}},{"start":{"line":78,"column":68},"end":{"line":78,"column":72}}],"line":78}},"s":{"0":5,"1":5,"2":5,"3":5,"4":0,"5":0,"6":5,"7":5,"8":0,"9":5,"10":5,"11":0,"12":5,"13":5,"14":5,"15":5,"16":5,"17":0,"18":0,"19":5,"20":5,"21":3,"22":1,"23":1,"24":2,"25":2,"26":2,"27":2,"28":2,"29":2,"30":2,"31":2,"32":2,"33":2,"34":0,"35":0,"36":0,"37":5,"38":0,"39":0,"40":0,"41":0,"42":0,"43":0,"44":0},"f":{"0":5,"1":0},"b":{"0":[5,1,0],"1":[0,5],"2":[0,5],"3":[5,3],"4":[0,5],"5":[5,5],"6":[0,5],"7":[3,2],"8":[1,2],"9":[2,2],"10":[2,0],"11":[2,2],"12":[2,0]},"inputSourceMap":null,"_coverageSchema":"1a1c01bbd47fc00a2c39e90264f33305004495a9","hash":"8e59af5850d0db57e0fd605d7b70db7d35919e24"}
,"C:\\Users\\ggarc\\sistema-inventario\\backend\\src\\controllers\\productsController.js": {"path":"C:\\Users\\ggarc\\sistema-inventario\\backend\\src\\controllers\\productsController.js","statementMap":{"0":{"start":{"line":6,"column":2},"end":{"line":14,"column":3}},"1":{"start":{"line":7,"column":21},"end":{"line":9,"column":5}},"2":{"start":{"line":10,"column":4},"end":{"line":10,"column":19}},"3":{"start":{"line":12,"column":4},"end":{"line":12,"column":48}},"4":{"start":{"line":13,"column":4},"end":{"line":13,"column":66}},"5":{"start":{"line":19,"column":2},"end":{"line":27,"column":3}},"6":{"start":{"line":20,"column":21},"end":{"line":22,"column":5}},"7":{"start":{"line":23,"column":4},"end":{"line":23,"column":19}},"8":{"start":{"line":25,"column":4},"end":{"line":25,"column":45}},"9":{"start":{"line":26,"column":4},"end":{"line":26,"column":81}},"10":{"start":{"line":32,"column":13},"end":{"line":32,"column":26}},"11":{"start":{"line":33,"column":2},"end":{"line":40,"column":3}},"12":{"start":{"line":34,"column":21},"end":{"line":34,"column":83}},"13":{"start":{"line":35,"column":4},"end":{"line":35,"column":92}},"14":{"start":{"line":35,"column":27},"end":{"line":35,"column":92}},"15":{"start":{"line":36,"column":4},"end":{"line":36,"column":22}},"16":{"start":{"line":38,"column":4},"end":{"line":38,"column":48}},"17":{"start":{"line":39,"column":4},"end":{"line":39,"column":65}},"18":{"start":{"line":45,"column":81},"end":{"line":45,"column":89}},"19":{"start":{"line":46,"column":2},"end":{"line":46,"column":89}},"20":{"start":{"line":46,"column":21},"end":{"line":46,"column":89}},"21":{"start":{"line":47,"column":2},"end":{"line":57,"column":3}},"22":{"start":{"line":48,"column":14},"end":{"line":49,"column":104}},"23":{"start":{"line":50,"column":19},"end":{"line":50,"column":68}},"24":{"start":{"line":51,"column":21},"end":{"line":51,"column":48}},"25":{"start":{"line":52,"column":4},"end":{"line":52,"column":34}},"26":{"start":{"line":54,"column":4},"end":{"line":54,"column":47}},"27":{"start":{"line":55,"column":4},"end":{"line":55,"column":86}},"28":{"start":{"line":55,"column":30},"end":{"line":55,"column":86}},"29":{"start":{"line":56,"column":4},"end":{"line":56,"column":63}},"30":{"start":{"line":62,"column":13},"end":{"line":62,"column":26}},"31":{"start":{"line":63,"column":62},"end":{"line":63,"column":70}},"32":{"start":{"line":65,"column":2},"end":{"line":104,"column":3}},"33":{"start":{"line":67,"column":35},"end":{"line":70,"column":5}},"34":{"start":{"line":71,"column":4},"end":{"line":71,"column":100}},"35":{"start":{"line":71,"column":35},"end":{"line":71,"column":100}},"36":{"start":{"line":73,"column":21},"end":{"line":73,"column":36}},"37":{"start":{"line":76,"column":22},"end":{"line":76,"column":63}},"38":{"start":{"line":77,"column":21},"end":{"line":77,"column":59}},"39":{"start":{"line":78,"column":26},"end":{"line":78,"column":79}},"40":{"start":{"line":79,"column":23},"end":{"line":79,"column":67}},"41":{"start":{"line":80,"column":26},"end":{"line":80,"column":79}},"42":{"start":{"line":81,"column":26},"end":{"line":81,"column":82}},"43":{"start":{"line":84,"column":4},"end":{"line":86,"column":5}},"44":{"start":{"line":85,"column":6},"end":{"line":85,"column":83}},"45":{"start":{"line":87,"column":4},"end":{"line":87,"column":100}},"46":{"start":{"line":87,"column":27},"end":{"line":87,"column":100}},"47":{"start":{"line":88,"column":4},"end":{"line":88,"column":94}},"48":{"start":{"line":88,"column":24},"end":{"line":88,"column":94}},"49":{"start":{"line":91,"column":14},"end":{"line":94,"column":77}},"50":{"start":{"line":95,"column":19},"end":{"line":95,"column":101}},"51":{"start":{"line":97,"column":21},"end":{"line":97,"column":48}},"52":{"start":{"line":98,"column":4},"end":{"line":98,"column":22}},"53":{"start":{"line":100,"column":4},"end":{"line":100,"column":47}},"54":{"start":{"line":102,"column":4},"end":{"line":102,"column":86}},"55":{"start":{"line":102,"column":30},"end":{"line":102,"column":86}},"56":{"start":{"line":103,"column":4},"end":{"line":103,"column":68}},"57":{"start":{"line":109,"column":13},"end":{"line":109,"column":26}},"58":{"start":{"line":110,"column":2},"end":{"line":117,"column":3}},"59":{"start":{"line":111,"column":25},"end":{"line":111,"column":83}},"60":{"start":{"line":112,"column":4},"end":{"line":112,"column":89}},"61":{"start":{"line":112,"column":24},"end":{"line":112,"column":89}},"62":{"start":{"line":113,"column":4},"end":{"line":113,"column":48}},"63":{"start":{"line":115,"column":4},"end":{"line":115,"column":47}},"64":{"start":{"line":116,"column":4},"end":{"line":116,"column":66}}},"fnMap":{"0":{"name":"getAllProducts","decl":{"start":{"line":5,"column":22},"end":{"line":5,"column":36}},"loc":{"start":{"line":5,"column":47},"end":{"line":15,"column":1}},"line":5},"1":{"name":"getLowStock","decl":{"start":{"line":18,"column":22},"end":{"line":18,"column":33}},"loc":{"start":{"line":18,"column":44},"end":{"line":28,"column":1}},"line":18},"2":{"name":"getProductById","decl":{"start":{"line":31,"column":22},"end":{"line":31,"column":36}},"loc":{"start":{"line":31,"column":47},"end":{"line":41,"column":1}},"line":31},"3":{"name":"createProduct","decl":{"start":{"line":44,"column":22},"end":{"line":44,"column":35}},"loc":{"start":{"line":44,"column":46},"end":{"line":58,"column":1}},"line":44},"4":{"name":"updateProduct","decl":{"start":{"line":61,"column":22},"end":{"line":61,"column":35}},"loc":{"start":{"line":61,"column":46},"end":{"line":105,"column":1}},"line":61},"5":{"name":"deleteProduct","decl":{"start":{"line":108,"column":22},"end":{"line":108,"column":35}},"loc":{"start":{"line":108,"column":46},"end":{"line":118,"column":1}},"line":108}},"branchMap":{"0":{"loc":{"start":{"line":35,"column":4},"end":{"line":35,"column":92}},"type":"if","locations":[{"start":{"line":35,"column":4},"end":{"line":35,"column":92}},{"start":{},"end":{}}],"line":35},"1":{"loc":{"start":{"line":45,"column":21},"end":{"line":45,"column":33}},"type":"default-arg","locations":[{"start":{"line":45,"column":32},"end":{"line":45,"column":33}}],"line":45},"2":{"loc":{"start":{"line":45,"column":35},"end":{"line":45,"column":44}},"type":"default-arg","locations":[{"start":{"line":45,"column":43},"end":{"line":45,"column":44}}],"line":45},"3":{"loc":{"start":{"line":45,"column":46},"end":{"line":45,"column":61}},"type":"default-arg","locations":[{"start":{"line":45,"column":57},"end":{"line":45,"column":61}}],"line":45},"4":{"loc":{"start":{"line":45,"column":63},"end":{"line":45,"column":76}},"type":"default-arg","locations":[{"start":{"line":45,"column":75},"end":{"line":45,"column":76}}],"line":45},"5":{"loc":{"start":{"line":46,"column":2},"end":{"line":46,"column":89}},"type":"if","locations":[{"start":{"line":46,"column":2},"end":{"line":46,"column":89}},{"start":{},"end":{}}],"line":46},"6":{"loc":{"start":{"line":46,"column":6},"end":{"line":46,"column":19}},"type":"binary-expr","locations":[{"start":{"line":46,"column":6},"end":{"line":46,"column":11}},{"start":{"line":46,"column":15},"end":{"line":46,"column":19}}],"line":46},"7":{"loc":{"start":{"line":55,"column":4},"end":{"line":55,"column":86}},"type":"if","locations":[{"start":{"line":55,"column":4},"end":{"line":55,"column":86}},{"start":{},"end":{}}],"line":55},"8":{"loc":{"start":{"line":71,"column":4},"end":{"line":71,"column":100}},"type":"if","locations":[{"start":{"line":71,"column":4},"end":{"line":71,"column":100}},{"start":{},"end":{}}],"line":71},"9":{"loc":{"start":{"line":76,"column":22},"end":{"line":76,"column":63}},"type":"cond-expr","locations":[{"start":{"line":76,"column":43},"end":{"line":76,"column":47}},{"start":{"line":76,"column":50},"end":{"line":76,"column":63}}],"line":76},"10":{"loc":{"start":{"line":77,"column":21},"end":{"line":77,"column":59}},"type":"cond-expr","locations":[{"start":{"line":77,"column":41},"end":{"line":77,"column":44}},{"start":{"line":77,"column":47},"end":{"line":77,"column":59}}],"line":77},"11":{"loc":{"start":{"line":78,"column":26},"end":{"line":78,"column":79}},"type":"cond-expr","locations":[{"start":{"line":78,"column":51},"end":{"line":78,"column":59}},{"start":{"line":78,"column":62},"end":{"line":78,"column":79}}],"line":78},"12":{"loc":{"start":{"line":79,"column":23},"end":{"line":79,"column":67}},"type":"cond-expr","locations":[{"start":{"line":79,"column":45},"end":{"line":79,"column":50}},{"start":{"line":79,"column":53},"end":{"line":79,"column":67}}],"line":79},"13":{"loc":{"start":{"line":80,"column":26},"end":{"line":80,"column":79}},"type":"cond-expr","locations":[{"start":{"line":80,"column":51},"end":{"line":80,"column":59}},{"start":{"line":80,"column":62},"end":{"line":80,"column":79}}],"line":80},"14":{"loc":{"start":{"line":81,"column":26},"end":{"line":81,"column":82}},"type":"cond-expr","locations":[{"start":{"line":81,"column":52},"end":{"line":81,"column":61}},{"start":{"line":81,"column":64},"end":{"line":81,"column":82}}],"line":81},"15":{"loc":{"start":{"line":84,"column":4},"end":{"line":86,"column":5}},"type":"if","locations":[{"start":{"line":84,"column":4},"end":{"line":86,"column":5}},{"start":{},"end":{}}],"line":84},"16":{"loc":{"start":{"line":84,"column":8},"end":{"line":84,"column":31}},"type":"binary-expr","locations":[{"start":{"line":84,"column":8},"end":{"line":84,"column":18}},{"start":{"line":84,"column":22},"end":{"line":84,"column":31}}],"line":84},"17":{"loc":{"start":{"line":87,"column":4},"end":{"line":87,"column":100}},"type":"if","locations":[{"start":{"line":87,"column":4},"end":{"line":87,"column":100}},{"start":{},"end":{}}],"line":87},"18":{"loc":{"start":{"line":88,"column":4},"end":{"line":88,"column":94}},"type":"if","locations":[{"start":{"line":88,"column":4},"end":{"line":88,"column":94}},{"start":{},"end":{}}],"line":88},"19":{"loc":{"start":{"line":102,"column":4},"end":{"line":102,"column":86}},"type":"if","locations":[{"start":{"line":102,"column":4},"end":{"line":102,"column":86}},{"start":{},"end":{}}],"line":102},"20":{"loc":{"start":{"line":112,"column":4},"end":{"line":112,"column":89}},"type":"if","locations":[{"start":{"line":112,"column":4},"end":{"line":112,"column":89}},{"start":{},"end":{}}],"line":112}},"s":{"0":3,"1":3,"2":3,"3":0,"4":0,"5":1,"6":1,"7":1,"8":0,"9":0,"10":0,"11":0,"12":0,"13":0,"14":0,"15":0,"16":0,"17":0,"18":13,"19":13,"20":0,"21":13,"22":13,"23":13,"24":13,"25":13,"26":0,"27":0,"28":0,"29":0,"30":0,"31":0,"32":0,"33":0,"34":0,"35":0,"36":0,"37":0,"38":0,"39":0,"40":0,"41":0,"42":0,"43":0,"44":0,"45":0,"46":0,"47":0,"48":0,"49":0,"50":0,"51":0,"52":0,"53":0,"54":0,"55":0,"56":0,"57":1,"58":1,"59":1,"60":1,"61":0,"62":1,"63":0,"64":0},"f":{"0":3,"1":1,"2":0,"3":13,"4":0,"5":1},"b":{"0":[0,0],"1":[0],"2":[0],"3":[13],"4":[9],"5":[0,13],"6":[13,13],"7":[0,0],"8":[0,0],"9":[0,0],"10":[0,0],"11":[0,0],"12":[0,0],"13":[0,0],"14":[0,0],"15":[0,0],"16":[0,0],"17":[0,0],"18":[0,0],"19":[0,0],"20":[0,1]},"inputSourceMap":null,"_coverageSchema":"1a1c01bbd47fc00a2c39e90264f33305004495a9","hash":"36dfcb885819f7ab0cd90098e5e6a8202c6e3635"}
,"C:\\Users\\ggarc\\sistema-inventario\\backend\\src\\middleware\\auth.js": {"path":"C:\\Users\\ggarc\\sistema-inventario\\backend\\src\\middleware\\auth.js","statementMap":{"0":{"start":{"line":11,"column":21},"end":{"line":11,"column":49}},"1":{"start":{"line":12,"column":2},"end":{"line":12,"column":76}},"2":{"start":{"line":12,"column":19},"end":{"line":12,"column":76}},"3":{"start":{"line":14,"column":16},"end":{"line":14,"column":37}},"4":{"start":{"line":15,"column":2},"end":{"line":15,"column":85}},"5":{"start":{"line":15,"column":26},"end":{"line":15,"column":85}},"6":{"start":{"line":17,"column":16},"end":{"line":17,"column":24}},"7":{"start":{"line":18,"column":2},"end":{"line":25,"column":3}},"8":{"start":{"line":19,"column":20},"end":{"line":19,"column":61}},"9":{"start":{"line":21,"column":4},"end":{"line":21,"column":23}},"10":{"start":{"line":22,"column":4},"end":{"line":22,"column":18}},"11":{"start":{"line":24,"column":4},"end":{"line":24,"column":61}},"12":{"start":{"line":33,"column":18},"end":{"line":33,"column":51}},"13":{"start":{"line":34,"column":2},"end":{"line":38,"column":4}},"14":{"start":{"line":35,"column":4},"end":{"line":35,"column":76}},"15":{"start":{"line":35,"column":19},"end":{"line":35,"column":76}},"16":{"start":{"line":36,"column":4},"end":{"line":36,"column":98}},"17":{"start":{"line":36,"column":42},"end":{"line":36,"column":98}},"18":{"start":{"line":37,"column":4},"end":{"line":37,"column":18}}},"fnMap":{"0":{"name":"authenticateToken","decl":{"start":{"line":10,"column":16},"end":{"line":10,"column":33}},"loc":{"start":{"line":10,"column":50},"end":{"line":26,"column":1}},"line":10},"1":{"name":"requireRole","decl":{"start":{"line":32,"column":16},"end":{"line":32,"column":27}},"loc":{"start":{"line":32,"column":38},"end":{"line":39,"column":1}},"line":32},"2":{"name":"(anonymous_2)","decl":{"start":{"line":34,"column":9},"end":{"line":34,"column":10}},"loc":{"start":{"line":34,"column":29},"end":{"line":38,"column":3}},"line":34}},"branchMap":{"0":{"loc":{"start":{"line":12,"column":2},"end":{"line":12,"column":76}},"type":"if","locations":[{"start":{"line":12,"column":2},"end":{"line":12,"column":76}},{"start":{},"end":{}}],"line":12},"1":{"loc":{"start":{"line":15,"column":2},"end":{"line":15,"column":85}},"type":"if","locations":[{"start":{"line":15,"column":2},"end":{"line":15,"column":85}},{"start":{},"end":{}}],"line":15},"2":{"loc":{"start":{"line":33,"column":18},"end":{"line":33,"column":51}},"type":"cond-expr","locations":[{"start":{"line":33,"column":31},"end":{"line":33,"column":43}},{"start":{"line":33,"column":46},"end":{"line":33,"column":51}}],"line":33},"3":{"loc":{"start":{"line":35,"column":4},"end":{"line":35,"column":76}},"type":"if","locations":[{"start":{"line":35,"column":4},"end":{"line":35,"column":76}},{"start":{},"end":{}}],"line":35},"4":{"loc":{"start":{"line":36,"column":4},"end":{"line":36,"column":98}},"type":"if","locations":[{"start":{"line":36,"column":4},"end":{"line":36,"column":98}},{"start":{},"end":{}}],"line":36}},"s":{"0":27,"1":27,"2":1,"3":26,"4":26,"5":0,"6":26,"7":26,"8":26,"9":26,"10":26,"11":0,"12":18,"13":18,"14":17,"15":0,"16":17,"17":3,"18":14},"f":{"0":27,"1":18,"2":17},"b":{"0":[1,26],"1":[0,26],"2":[18,0],"3":[0,17],"4":[3,14]},"inputSourceMap":null,"_coverageSchema":"1a1c01bbd47fc00a2c39e90264f33305004495a9","hash":"69f4a0600ef7bf40ad302ef5e06266c0660f25e5"}
,"C:\\Users\\ggarc\\sistema-inventario\\backend\\src\\middleware\\validators.js": {"path":"C:\\Users\\ggarc\\sistema-inventario\\backend\\src\\middleware\\validators.js","statementMap":{"0":{"start":{"line":3,"column":23},"end":{"line":9,"column":1}},"1":{"start":{"line":4,"column":17},"end":{"line":4,"column":38}},"2":{"start":{"line":5,"column":2},"end":{"line":7,"column":3}},"3":{"start":{"line":6,"column":4},"end":{"line":6,"column":90}},"4":{"start":{"line":8,"column":2},"end":{"line":8,"column":9}},"5":{"start":{"line":12,"column":37},"end":{"line":19,"column":1}},"6":{"start":{"line":21,"column":37},"end":{"line":29,"column":1}},"7":{"start":{"line":32,"column":32},"end":{"line":45,"column":1}},"8":{"start":{"line":40,"column":16},"end":{"line":40,"column":39}},"9":{"start":{"line":41,"column":6},"end":{"line":41,"column":39}}},"fnMap":{"0":{"name":"(anonymous_0)","decl":{"start":{"line":3,"column":23},"end":{"line":3,"column":24}},"loc":{"start":{"line":3,"column":43},"end":{"line":9,"column":1}},"line":3},"1":{"name":"(anonymous_1)","decl":{"start":{"line":39,"column":12},"end":{"line":39,"column":13}},"loc":{"start":{"line":39,"column":19},"end":{"line":42,"column":5}},"line":39}},"branchMap":{"0":{"loc":{"start":{"line":5,"column":2},"end":{"line":7,"column":3}},"type":"if","locations":[{"start":{"line":5,"column":2},"end":{"line":7,"column":3}},{"start":{},"end":{}}],"line":5},"1":{"loc":{"start":{"line":41,"column":13},"end":{"line":41,"column":38}},"type":"binary-expr","locations":[{"start":{"line":41,"column":13},"end":{"line":41,"column":23}},{"start":{"line":41,"column":27},"end":{"line":41,"column":38}}],"line":41}},"s":{"0":6,"1":13,"2":13,"3":0,"4":13,"5":6,"6":6,"7":6,"8":0,"9":0},"f":{"0":13,"1":0},"b":{"0":[0,13],"1":[0,0]},"inputSourceMap":null,"_coverageSchema":"1a1c01bbd47fc00a2c39e90264f33305004495a9","hash":"74ebd07f5343293c1e5c41ca1929d6fe9c3eb034"}
,"C:\\Users\\ggarc\\sistema-inventario\\backend\\src\\routes\\auth.js": {"path":"C:\\Users\\ggarc\\sistema-inventario\\backend\\src\\routes\\auth.js","statementMap":{"0":{"start":{"line":8,"column":15},"end":{"line":8,"column":31}},"1":{"start":{"line":11,"column":0},"end":{"line":33,"column":2}},"2":{"start":{"line":16,"column":19},"end":{"line":16,"column":40}},"3":{"start":{"line":17,"column":4},"end":{"line":17,"column":83}},"4":{"start":{"line":17,"column":27},"end":{"line":17,"column":83}},"5":{"start":{"line":19,"column":35},"end":{"line":19,"column":43}},"6":{"start":{"line":20,"column":4},"end":{"line":31,"column":5}},"7":{"start":{"line":21,"column":19},"end":{"line":21,"column":50}},"8":{"start":{"line":22,"column":21},"end":{"line":25,"column":7}},"9":{"start":{"line":26,"column":6},"end":{"line":26,"column":43}},"10":{"start":{"line":28,"column":6},"end":{"line":28,"column":92}},"11":{"start":{"line":28,"column":32},"end":{"line":28,"column":92}},"12":{"start":{"line":29,"column":6},"end":{"line":29,"column":49}},"13":{"start":{"line":30,"column":6},"end":{"line":30,"column":64}},"14":{"start":{"line":36,"column":0},"end":{"line":61,"column":2}},"15":{"start":{"line":41,"column":19},"end":{"line":41,"column":40}},"16":{"start":{"line":42,"column":4},"end":{"line":42,"column":83}},"17":{"start":{"line":42,"column":27},"end":{"line":42,"column":83}},"18":{"start":{"line":44,"column":35},"end":{"line":44,"column":43}},"19":{"start":{"line":45,"column":4},"end":{"line":59,"column":5}},"20":{"start":{"line":46,"column":16},"end":{"line":46,"column":117}},"21":{"start":{"line":47,"column":6},"end":{"line":47,"column":93}},"22":{"start":{"line":47,"column":28},"end":{"line":47,"column":93}},"23":{"start":{"line":48,"column":19},"end":{"line":48,"column":28}},"24":{"start":{"line":49,"column":20},"end":{"line":49,"column":70}},"25":{"start":{"line":50,"column":6},"end":{"line":50,"column":83}},"26":{"start":{"line":50,"column":18},"end":{"line":50,"column":83}},"27":{"start":{"line":52,"column":20},"end":{"line":54,"column":8}},"28":{"start":{"line":55,"column":6},"end":{"line":55,"column":26}},"29":{"start":{"line":57,"column":6},"end":{"line":57,"column":46}},"30":{"start":{"line":58,"column":6},"end":{"line":58,"column":56}}},"fnMap":{"0":{"name":"(anonymous_0)","decl":{"start":{"line":15,"column":2},"end":{"line":15,"column":3}},"loc":{"start":{"line":15,"column":22},"end":{"line":32,"column":3}},"line":15},"1":{"name":"(anonymous_1)","decl":{"start":{"line":40,"column":2},"end":{"line":40,"column":3}},"loc":{"start":{"line":40,"column":22},"end":{"line":60,"column":3}},"line":40}},"branchMap":{"0":{"loc":{"start":{"line":17,"column":4},"end":{"line":17,"column":83}},"type":"if","locations":[{"start":{"line":17,"column":4},"end":{"line":17,"column":83}},{"start":{},"end":{}}],"line":17},"1":{"loc":{"start":{"line":28,"column":6},"end":{"line":28,"column":92}},"type":"if","locations":[{"start":{"line":28,"column":6},"end":{"line":28,"column":92}},{"start":{},"end":{}}],"line":28},"2":{"loc":{"start":{"line":42,"column":4},"end":{"line":42,"column":83}},"type":"if","locations":[{"start":{"line":42,"column":4},"end":{"line":42,"column":83}},{"start":{},"end":{}}],"line":42},"3":{"loc":{"start":{"line":47,"column":6},"end":{"line":47,"column":93}},"type":"if","locations":[{"start":{"line":47,"column":6},"end":{"line":47,"column":93}},{"start":{},"end":{}}],"line":47},"4":{"loc":{"start":{"line":50,"column":6},"end":{"line":50,"column":83}},"type":"if","locations":[{"start":{"line":50,"column":6},"end":{"line":50,"column":83}},{"start":{},"end":{}}],"line":50}},"s":{"0":6,"1":6,"2":0,"3":0,"4":0,"5":0,"6":0,"7":0,"8":0,"9":0,"10":0,"11":0,"12":0,"13":0,"14":6,"15":21,"16":21,"17":0,"18":21,"19":21,"20":21,"21":21,"22":1,"23":20,"24":20,"25":20,"26":0,"27":20,"28":20,"29":0,"30":0},"f":{"0":0,"1":21},"b":{"0":[0,0],"1":[0,0],"2":[0,21],"3":[1,20],"4":[0,20]},"inputSourceMap":null,"_coverageSchema":"1a1c01bbd47fc00a2c39e90264f33305004495a9","hash":"e7b2366fd493f47a653ae3d2f794acc41b702206"}
,"C:\\Users\\ggarc\\sistema-inventario\\backend\\src\\routes\\inventory.js": {"path":"C:\\Users\\ggarc\\sistema-inventario\\backend\\src\\routes\\inventory.js","statementMap":{"0":{"start":{"line":5,"column":15},"end":{"line":5,"column":31}},"1":{"start":{"line":7,"column":0},"end":{"line":7,"column":49}},"2":{"start":{"line":8,"column":0},"end":{"line":8,"column":58}}},"fnMap":{},"branchMap":{},"s":{"0":6,"1":6,"2":6},"f":{},"b":{},"inputSourceMap":null,"_coverageSchema":"1a1c01bbd47fc00a2c39e90264f33305004495a9","hash":"65f6228ed40a396672325452cbde24bbba5dce50"}
,"C:\\Users\\ggarc\\sistema-inventario\\backend\\src\\routes\\products.js": {"path":"C:\\Users\\ggarc\\sistema-inventario\\backend\\src\\routes\\products.js","statementMap":{"0":{"start":{"line":30,"column":15},"end":{"line":30,"column":31}},"1":{"start":{"line":32,"column":0},"end":{"line":32,"column":51}},"2":{"start":{"line":33,"column":0},"end":{"line":33,"column":57}},"3":{"start":{"line":34,"column":0},"end":{"line":34,"column":54}},"4":{"start":{"line":37,"column":0},"end":{"line":37,"column":96}},"5":{"start":{"line":38,"column":0},"end":{"line":38,"column":98}},"6":{"start":{"line":39,"column":0},"end":{"line":39,"column":78}}},"fnMap":{},"branchMap":{},"s":{"0":6,"1":6,"2":6,"3":6,"4":6,"5":6,"6":6},"f":{},"b":{},"inputSourceMap":null,"_coverageSchema":"1a1c01bbd47fc00a2c39e90264f33305004495a9","hash":"4b989fd88a40aac736a3faa0255670d81a7a46af"}
}
