TN:
SF:src\app.js
FN:27,(anonymous_0)
FNF:1
FNH:0
FNDA:0,(anonymous_0)
DA:13,6
DA:15,6
DA:16,6
DA:17,6
DA:18,6
DA:19,6
DA:22,6
DA:23,6
DA:24,6
DA:27,6
DA:28,0
DA:29,0
LF:12
LH:10
BRF:0
BRH:0
end_of_record
TN:
SF:src\config\db.js
FNF:0
FNH:0
DA:5,6
DA:6,6
DA:8,0
DA:11,6
DA:13,6
LF:5
LH:4
BRDA:5,0,0,6
BRDA:5,0,1,0
BRF:2
BRH:1
end_of_record
TN:
SF:src\config\tests\test-utils.js
FN:9,resetDB
FN:27,seedBasicData
FNF:2
FNH:2
FNDA:9,resetDB
FNDA:9,seedBasicData
DA:11,9
DA:12,9
DA:13,9
DA:14,9
DA:15,9
DA:16,9
DA:18,0
DA:19,0
DA:28,9
DA:29,9
DA:32,9
DA:37,9
DA:43,9
DA:48,9
LF:14
LH:12
BRF:0
BRH:0
end_of_record
TN:
SF:src\controllers\inventoryController.js
FN:8,adjustStock
FN:100,getMovements
FNF:2
FNH:1
FNDA:5,adjustStock
FNDA:0,getMovements
DA:9,5
DA:12,5
DA:13,5
DA:15,5
DA:16,0
DA:17,0
DA:20,5
DA:21,5
DA:22,0
DA:25,5
DA:26,5
DA:27,0
DA:31,5
DA:32,5
DA:33,5
DA:36,5
DA:40,5
DA:41,0
DA:42,0
DA:45,5
DA:47,5
DA:48,3
DA:49,1
DA:50,1
DA:52,2
DA:53,2
DA:59,2
DA:64,2
DA:67,2
DA:70,2
DA:71,2
DA:76,2
DA:81,2
DA:84,2
DA:87,0
DA:88,0
DA:89,0
DA:91,5
DA:94,0
DA:95,0
DA:101,0
DA:102,0
DA:105,0
DA:107,0
DA:108,0
LF:45
LH:29
BRDA:12,0,0,5
BRDA:12,0,1,1
BRDA:12,0,2,0
BRDA:15,1,0,0
BRDA:15,1,1,5
BRDA:21,2,0,0
BRDA:21,2,1,5
BRDA:21,3,0,5
BRDA:21,3,1,3
BRDA:26,4,0,0
BRDA:26,4,1,5
BRDA:26,5,0,5
BRDA:26,5,1,5
BRDA:40,6,0,0
BRDA:40,6,1,5
BRDA:47,7,0,3
BRDA:47,7,1,2
BRDA:48,8,0,1
BRDA:48,8,1,2
BRDA:61,9,0,2
BRDA:61,9,1,2
BRDA:61,10,0,2
BRDA:61,10,1,0
BRDA:78,11,0,2
BRDA:78,11,1,2
BRDA:78,12,0,2
BRDA:78,12,1,0
BRF:27
BRH:20
end_of_record
TN:
SF:src\controllers\productsController.js
FN:5,getAllProducts
FN:18,getLowStock
FN:31,getProductById
FN:44,createProduct
FN:61,updateProduct
FN:108,deleteProduct
FNF:6
FNH:4
FNDA:3,getAllProducts
FNDA:1,getLowStock
FNDA:0,getProductById
FNDA:13,createProduct
FNDA:0,updateProduct
FNDA:1,deleteProduct
DA:6,3
DA:7,3
DA:10,3
DA:12,0
DA:13,0
DA:19,1
DA:20,1
DA:23,1
DA:25,0
DA:26,0
DA:32,0
DA:33,0
DA:34,0
DA:35,0
DA:36,0
DA:38,0
DA:39,0
DA:45,13
DA:46,13
DA:47,13
DA:48,13
DA:50,13
DA:51,13
DA:52,13
DA:54,0
DA:55,0
DA:56,0
DA:62,0
DA:63,0
DA:65,0
DA:67,0
DA:71,0
DA:73,0
DA:76,0
DA:77,0
DA:78,0
DA:79,0
DA:80,0
DA:81,0
DA:84,0
DA:85,0
DA:87,0
DA:88,0
DA:91,0
DA:95,0
DA:97,0
DA:98,0
DA:100,0
DA:102,0
DA:103,0
DA:109,1
DA:110,1
DA:111,1
DA:112,1
DA:113,1
DA:115,0
DA:116,0
LF:57
LH:18
BRDA:35,0,0,0
BRDA:35,0,1,0
BRDA:45,1,0,0
BRDA:45,2,0,0
BRDA:45,3,0,13
BRDA:45,4,0,9
BRDA:46,5,0,0
BRDA:46,5,1,13
BRDA:46,6,0,13
BRDA:46,6,1,13
BRDA:55,7,0,0
BRDA:55,7,1,0
BRDA:71,8,0,0
BRDA:71,8,1,0
BRDA:76,9,0,0
BRDA:76,9,1,0
BRDA:77,10,0,0
BRDA:77,10,1,0
BRDA:78,11,0,0
BRDA:78,11,1,0
BRDA:79,12,0,0
BRDA:79,12,1,0
BRDA:80,13,0,0
BRDA:80,13,1,0
BRDA:81,14,0,0
BRDA:81,14,1,0
BRDA:84,15,0,0
BRDA:84,15,1,0
BRDA:84,16,0,0
BRDA:84,16,1,0
BRDA:87,17,0,0
BRDA:87,17,1,0
BRDA:88,18,0,0
BRDA:88,18,1,0
BRDA:102,19,0,0
BRDA:102,19,1,0
BRDA:112,20,0,0
BRDA:112,20,1,1
BRF:38
BRH:6
end_of_record
TN:
SF:src\middleware\auth.js
FN:10,authenticateToken
FN:32,requireRole
FN:34,(anonymous_2)
FNF:3
FNH:3
FNDA:27,authenticateToken
FNDA:18,requireRole
FNDA:17,(anonymous_2)
DA:11,27
DA:12,27
DA:14,26
DA:15,26
DA:17,26
DA:18,26
DA:19,26
DA:21,26
DA:22,26
DA:24,0
DA:33,18
DA:34,18
DA:35,17
DA:36,17
DA:37,14
LF:15
LH:14
BRDA:12,0,0,1
BRDA:12,0,1,26
BRDA:15,1,0,0
BRDA:15,1,1,26
BRDA:33,2,0,18
BRDA:33,2,1,0
BRDA:35,3,0,0
BRDA:35,3,1,17
BRDA:36,4,0,3
BRDA:36,4,1,14
BRF:10
BRH:7
end_of_record
TN:
SF:src\middleware\validators.js
FN:3,(anonymous_0)
FN:39,(anonymous_1)
FNF:2
FNH:1
FNDA:13,(anonymous_0)
FNDA:0,(anonymous_1)
DA:3,6
DA:4,13
DA:5,13
DA:6,0
DA:8,13
DA:12,6
DA:21,6
DA:32,6
DA:40,0
DA:41,0
LF:10
LH:7
BRDA:5,0,0,0
BRDA:5,0,1,13
BRDA:41,1,0,0
BRDA:41,1,1,0
BRF:4
BRH:1
end_of_record
TN:
SF:src\routes\auth.js
FN:15,(anonymous_0)
FN:40,(anonymous_1)
FNF:2
FNH:1
FNDA:0,(anonymous_0)
FNDA:21,(anonymous_1)
DA:8,6
DA:11,6
DA:16,0
DA:17,0
DA:19,0
DA:20,0
DA:21,0
DA:22,0
DA:26,0
DA:28,0
DA:29,0
DA:30,0
DA:36,6
DA:41,21
DA:42,21
DA:44,21
DA:45,21
DA:46,21
DA:47,21
DA:48,20
DA:49,20
DA:50,20
DA:52,20
DA:55,20
DA:57,0
DA:58,0
LF:26
LH:14
BRDA:17,0,0,0
BRDA:17,0,1,0
BRDA:28,1,0,0
BRDA:28,1,1,0
BRDA:42,2,0,0
BRDA:42,2,1,21
BRDA:47,3,0,1
BRDA:47,3,1,20
BRDA:50,4,0,0
BRDA:50,4,1,20
BRF:10
BRH:4
end_of_record
TN:
SF:src\routes\inventory.js
FNF:0
FNH:0
DA:5,6
DA:7,6
DA:8,6
LF:3
LH:3
BRF:0
BRH:0
end_of_record
TN:
SF:src\routes\products.js
FNF:0
FNH:0
DA:30,6
DA:32,6
DA:33,6
DA:34,6
DA:37,6
DA:38,6
DA:39,6
LF:7
LH:7
BRF:0
BRH:0
end_of_record
